C51 COMPILER V9.60.0.0   BUZZ                                                              12/24/2019 16:10:11 PAGE 1   


C51 COMPILER V9.60.0.0, COMPILATION OF MODULE BUZZ
OBJECT MODULE PLACED IN buzz.OBJ
COMPILER INVOKED BY: D:\SIngelChip\Keil_C51\C51\BIN\C51.EXE buzz.c OPTIMIZE(8,SPEED) BROWSE DEBUG OBJECTEXTEND TABS(2)

line level    source

   1          #define __buzz_c
   2          
   3          #include "includeAll.h"
   4          
   5          void BuzzCount(uint8_t count)
   6          { 
   7   1          buzzCounter = count ; 
   8   1      }
   9          
  10          void Buzz(){
  11   1          buzzLastTimer = D_buzzLastTime ;
  12   1      }
  13          


MODULE INFORMATION:   STATIC OVERLAYABLE
   CODE SIZE        =      7    ----
   CONSTANT SIZE    =   ----    ----
   XDATA SIZE       =   ----    ----
   PDATA SIZE       =   ----    ----
   DATA SIZE        =      4    ----
   IDATA SIZE       =   ----    ----
   BIT SIZE         =      1    ----
END OF MODULE INFORMATION.


C51 COMPILATION COMPLETE.  0 WARNING(S),  0 ERROR(S)
