C51 COMPILER V9.60.0.0   DISPLAY                                                           01/02/2020 18:42:25 PAGE 1   


C51 COMPILER V9.60.0.0, COMPILATION OF MODULE DISPLAY
OBJECT MODULE PLACED IN display.OBJ
COMPILER INVOKED BY: D:\SIngelChip\Keil_C51\C51\BIN\C51.EXE display.c OPTIMIZE(8,SPEED) BROWSE DEBUG OBJECTEXTEND TABS(2
                    -)

line level    source

   1          #define __display_c
   2          #include "includeAll.h"
   3          
   4          
   5          void smg_control(int num,int smg)
   6          {
   7   1       
   8   1          
   9   1          tempKeyValue5 = P1_4;
  10   1          tempKeyValue4 = P1_2;
  11   1      
  12   1          
  13   1              P_smga = 0;
  14   1              P_smgb = 0;
  15   1              P_smgc = 0;
  16   1              P_smgd = 0;
  17   1              P_smge = 0;
  18   1              P_smgf = 0;
  19   1              P_smgg = 0;
  20   1              P_smgdg = 0;
  21   1          F_ledOff();
  22   1          if(smg == 1)
  23   1          {
  24   2              P_smgcon1 = 0;
  25   2              P_smgcon2 = 1;
  26   2          }
  27   1          if(smg == 2)
  28   1          {
  29   2              P_smgcon1 = 1;
  30   2              P_smgcon2 = 0;
  31   2          }
  32   1       
  33   1      
  34   1          if(num == 0)
  35   1          {
  36   2              P_smga = 1;
  37   2              P_smgb = 1;
  38   2              P_smgc = 1;
  39   2              P_smgd = 1;
  40   2              P_smge = 1;
  41   2              P_smgf = 1;
  42   2              P_smgg = 0;
  43   2              P_smgdg = 1;
  44   2          }
  45   1          if(num == 1)
  46   1          {
  47   2              P_smga = 0;
  48   2              P_smgb = 1;
  49   2              P_smgc = 1;
  50   2              P_smgd = 0;
  51   2              P_smge = 0;
  52   2              P_smgf = 0;
  53   2              P_smgg = 0;
  54   2              P_smgdg = 1;
C51 COMPILER V9.60.0.0   DISPLAY                                                           01/02/2020 18:42:25 PAGE 2   

  55   2          }
  56   1          if(num == 2)
  57   1          {
  58   2              P_smga = 1;
  59   2              P_smgb = 1;
  60   2              P_smgc = 0;
  61   2              P_smgd = 1;
  62   2              P_smge = 1;
  63   2              P_smgf = 0;
  64   2              P_smgg = 1;
  65   2              P_smgdg = 1;
  66   2          }
  67   1          if(num == 3)
  68   1          {
  69   2              P_smga = 1;
  70   2              P_smgb = 1;
  71   2              P_smgc = 1;
  72   2              P_smgd = 1;
  73   2              P_smge = 0;
  74   2              P_smgf = 0;
  75   2              P_smgg = 1;
  76   2              P_smgdg = 1;
  77   2          }
  78   1              if(num == 4)
  79   1          {
  80   2              P_smga = 0;
  81   2              P_smgb = 1;
  82   2              P_smgc = 1;
  83   2              P_smgd = 0;
  84   2              P_smge = 0;
  85   2              P_smgf = 1;
  86   2              P_smgg = 1;
  87   2              P_smgdg = 1;
  88   2          }
  89   1              if(num == 5)
  90   1          {
  91   2              P_smga = 1;
  92   2              P_smgb = 0;
  93   2              P_smgc = 1;
  94   2              P_smgd = 1;
  95   2              P_smge = 0;
  96   2              P_smgf = 1;
  97   2              P_smgg = 1;
  98   2              P_smgdg = 1;
  99   2          }
 100   1              if(num == 6)
 101   1          {
 102   2              P_smga = 1;
 103   2              P_smgb = 0;
 104   2              P_smgc = 1;
 105   2              P_smgd = 1;
 106   2              P_smge = 1;
 107   2              P_smgf = 1;
 108   2              P_smgg = 1;
 109   2              P_smgdg = 1;
 110   2          }
 111   1              if(num == 7)
 112   1          {
 113   2              P_smga = 1;
 114   2              P_smgb = 1;
 115   2              P_smgc = 1;
 116   2              P_smgd = 0;
C51 COMPILER V9.60.0.0   DISPLAY                                                           01/02/2020 18:42:25 PAGE 3   

 117   2              P_smge = 0;
 118   2              P_smgf = 1;
 119   2              P_smgg = 0;
 120   2              P_smgdg = 1;
 121   2          }
 122   1              if(num == 8)
 123   1          {
 124   2              P_smga = 1;
 125   2              P_smgb = 1;
 126   2              P_smgc = 1;
 127   2              P_smgd = 1;
 128   2              P_smge = 1;
 129   2              P_smgf = 1;
 130   2              P_smgg = 1;
 131   2              P_smgdg = 1;
 132   2          }
 133   1              if(num == 9)
 134   1          {
 135   2              P_smga = 1;
 136   2              P_smgb = 1;
 137   2              P_smgc = 1;
 138   2              P_smgd = 0;
 139   2              P_smge = 0;
 140   2              P_smgf = 1;
 141   2              P_smgg = 1;
 142   2              P_smgdg = 1;
 143   2          }
 144   1      
 145   1          
 146   1          P_smgcon1 = 1;
 147   1          P_smgcon2 = 1;
 148   1          
 149   1              P_smga = 0;
 150   1              P_smgb = 0;
 151   1              P_smgc = 0;
 152   1              P_smgd = 0;
 153   1              P_smge = 0;
 154   1              P_smgf = 0;
 155   1              P_smgg = 0;
 156   1              P_smgdg = 0;
 157   1      
 158   1          P1_4 = tempKeyValue5;
 159   1          P1_2 = tempKeyValue4;
 160   1          F_ledOn();
 161   1      
 162   1      
 163   1      
 164   1      
 165   1      }


MODULE INFORMATION:   STATIC OVERLAYABLE
   CODE SIZE        =    313    ----
   CONSTANT SIZE    =   ----    ----
   XDATA SIZE       =   ----    ----
   PDATA SIZE       =   ----    ----
   DATA SIZE        =      6    ----
   IDATA SIZE       =   ----    ----
   BIT SIZE         =   ----    ----
END OF MODULE INFORMATION.


C51 COMPILATION COMPLETE.  0 WARNING(S),  0 ERROR(S)
