C51 COMPILER V9.60.0.0   INIT                                                              01/02/2020 18:42:26 PAGE 1   


C51 COMPILER V9.60.0.0, COMPILATION OF MODULE INIT
OBJECT MODULE PLACED IN init.OBJ
COMPILER INVOKED BY: D:\SIngelChip\Keil_C51\C51\BIN\C51.EXE init.c OPTIMIZE(8,SPEED) BROWSE DEBUG OBJECTEXTEND TABS(2)

line level    source

   1          #define __init_c
   2          #include "includeAll.h"
   3          //=============================================================================
   4          void SysInit() {
   5   1        F_clearWDT();
   6   1        //时钟初始化
   7   1        CLKCON = 0x03; // Clock div 1  7.3728Mhz
   8   1      
   9   1      
  10   1        STPPCK = 0;
  11   1        STPFCK = 0;
  12   1        _nop_();
  13   1        _nop_();
  14   1        _nop_();
  15   1        _nop_();
  16   1        _nop_();
  17   1        SELFCK = 1;
  18   1        _nop_();
  19   1        _nop_();
  20   1        _nop_();
  21   1        _nop_();
  22   1        _nop_();
  23   1        _nop_();
  24   1        _nop_();
  25   1        _nop_();
  26   1        _nop_();
  27   1        _nop_();
  28   1        // IO 模式初始化
  29   1        //按键3_4 p3modh 1~0
  30   1        //3_2 p3modl 5-4
  31   1        //1_7 p1modh 7~6
  32   1        //1_2 p1modl 5~4
  33   1        //按键初始化
  34   1      
  35   1         
  36   1        
  37   1      
  38   1        // PINMOD = 0x00;
  39   1        //按键初始化
  40   1      
  41   1        P3MODH = 0x2a;
  42   1        P1MODL = 0xaa;
  43   1        P1MODH = 0xaa;
  44   1        P3MODL = 0xa4;
  45   1      
  46   1        //led灯初始化 p1_0 p1modl 1~0    p1_2 p1modl 5~4  p1_4 p1modh 1~0
  47   1      //蜂鸣器 p1_5 p1modh 2~3
  48   1      // P_smgcon1 P1_1  p1modl 3~2
  49   1      // P_smgcon2 P1_6  p1modh 5~4
  50   1      
  51   1      // P_smga P1_4     p1modh 1~0
  52   1      // P_smgb P3_4     p3modh 1~0
  53   1      // P_smgc P3_5     p3modh 3_2
  54   1      // P_smgd P1_7     p1modh 7~6
  55   1      // P_smge P3_6     p3modh 5~4
C51 COMPILER V9.60.0.0   INIT                                                              01/02/2020 18:42:26 PAGE 2   

  56   1      // P_smgf P1_2     p1modl 5~4
  57   1      // P_smgg P3_2     p3modl 5~4
  58   1      // P_smgdg P1_3    p1modl 7~6
  59   1        
  60   1        // IO 状态初始化
  61   1        P3_4 = 1;
  62   1        P3_2 = 1;
  63   1        P1_7 = 1;
  64   1        //P1_2 = 1;
  65   1      
  66   1        
  67   1        F_ledOn();
  68   1        F_led2Off();
  69   1        F_led1On();
  70   1         
  71   1        
  72   1        // T2 初始化  7.3728Mhz/2 = 3686400Hz
  73   1        //  3686400Hz/3686.4 = 1000Hz = 1ms timer2 interrupt
  74   1        //922
  75   1        TH2 = (65536 - 3686) / 256;
  76   1        RCP2H = TH2;
  77   1        TL2 = (65536 - 3686) % 256;
  78   1        RCP2L = TL2;
  79   1        TR2 = 1;
  80   1        ET2 = 1;
  81   1      
  82   1        TH0 = (65536 - 3686) / 256;
  83   1      
  84   1        TL0 = (65536 - 3686) % 256;
  85   1      
  86   1        TR0 = 0;
  87   1        ET0 = 1;
  88   1        EA = 1;
  89   1      }
  90          //=============================================================================
  91          void VarsInit() {}


MODULE INFORMATION:   STATIC OVERLAYABLE
   CODE SIZE        =     80    ----
   CONSTANT SIZE    =   ----    ----
   XDATA SIZE       =   ----    ----
   PDATA SIZE       =   ----    ----
   DATA SIZE        =      2    ----
   IDATA SIZE       =   ----    ----
   BIT SIZE         =   ----    ----
END OF MODULE INFORMATION.


C51 COMPILATION COMPLETE.  0 WARNING(S),  0 ERROR(S)
