C51 COMPILER V9.60.0.0   KEYS                                                              01/02/2020 18:42:27 PAGE 1   


C51 COMPILER V9.60.0.0, COMPILATION OF MODULE KEYS
OBJECT MODULE PLACED IN keys.OBJ
COMPILER INVOKED BY: D:\SIngelChip\Keil_C51\C51\BIN\C51.EXE keys.c OPTIMIZE(8,SPEED) BROWSE DEBUG OBJECTEXTEND TABS(2)

line level    source

   1          #define __keys_c
   2          #include "includeAll.h"
   3          //=============================================================================
   4          void GetKeys() {
   5   1        static uint8_t tempKeyValue1 = D_keyNull;
   6   1        static uint8_t tempKeyValue2 = D_keyNull;
   7   1        static uint8_t tempKeyValue3 = D_keyNull;
   8   1        static uint8_t tempKeyValue4 = D_keyNull;
   9   1      
  10   1      
  11   1          temp1 = P1_2;
  12   1          temp2 = P1_7;
  13   1          temp3 = P3_2;
  14   1          temp4 = P3_4;
  15   1      
  16   1          P1MODH = 0x2a;
  17   1          P3MODH = 0x28;
  18   1          P1MODL = 0x8a;
  19   1          P3MODL = 0x84;
  20   1      
  21   1          P1_2 = 1;
  22   1          P1_7 = 1;
  23   1          P3_2 = 1;
  24   1          P3_4 = 1;
  25   1      
  26   1          F_ledOff();
  27   1        if ( P_key2== 0 ) {
  28   2          tempKeyValue2 = D_keyValue1;
  29   2        } else {
  30   2          keyValue2 = tempKeyValue2;
  31   2          tempKeyValue2 = D_keyNull;
  32   2        }
  33   1      
  34   1        if ( P_key3 == 0 ) {
  35   2          tempKeyValue3 = D_keyValue1;
  36   2        } else {
  37   2          keyValue3 = tempKeyValue3;
  38   2          tempKeyValue3 = D_keyNull;
  39   2        }
  40   1      
  41   1        if ( P_key1 == 0 ) {
  42   2          tempKeyValue1 = D_keyValue1;
  43   2        } else {
  44   2          keyValue1 = tempKeyValue1;
  45   2          tempKeyValue1 = D_keyNull;
  46   2        }
  47   1      
  48   1      
  49   1        if ( P_key4 == 0 ) { 
  50   2           
  51   2          tempKeyValue4 = D_keyValue1;
  52   2        } else { 
  53   2          keyValue4 = tempKeyValue4;
  54   2          tempKeyValue4 = D_keyNull;
  55   2        }
C51 COMPILER V9.60.0.0   KEYS                                                              01/02/2020 18:42:27 PAGE 2   

  56   1        F_ledOn();
  57   1        P3MODH = 0x2a;
  58   1        P1MODL = 0xaa;
  59   1        P1MODH = 0xaa;
  60   1        P3MODL = 0xa4;
  61   1        
  62   1          P1_2 = temp1;
  63   1          P1_7 = temp2;
  64   1          P3_2 = temp3;
  65   1          P3_4 = temp4;
  66   1      
  67   1      }


MODULE INFORMATION:   STATIC OVERLAYABLE
   CODE SIZE        =    141    ----
   CONSTANT SIZE    =   ----    ----
   XDATA SIZE       =   ----    ----
   PDATA SIZE       =   ----    ----
   DATA SIZE        =     15    ----
   IDATA SIZE       =   ----    ----
   BIT SIZE         =   ----    ----
END OF MODULE INFORMATION.


C51 COMPILATION COMPLETE.  0 WARNING(S),  0 ERROR(S)
